mode: set
db_API/controllers/auth-controller.go:13.44,18.16 4 1
db_API/controllers/auth-controller.go:18.16,20.3 1 1
db_API/controllers/auth-controller.go:22.2,24.84 2 1
db_API/controllers/blogs-controllers.go:15.46,19.16 3 1
db_API/controllers/blogs-controllers.go:19.16,21.3 1 1
db_API/controllers/blogs-controllers.go:23.2,23.86 1 1
db_API/controllers/blogs-controllers.go:26.50,30.20 4 1
db_API/controllers/blogs-controllers.go:30.20,32.3 1 1
db_API/controllers/blogs-controllers.go:34.2,35.16 2 1
db_API/controllers/blogs-controllers.go:35.16,37.3 1 1
db_API/controllers/blogs-controllers.go:39.2,39.74 1 1
db_API/controllers/blogs-controllers.go:43.49,49.16 5 1
db_API/controllers/blogs-controllers.go:49.16,51.3 1 1
db_API/controllers/blogs-controllers.go:52.2,52.89 1 1
db_API/controllers/blogs-controllers.go:56.49,60.20 4 1
db_API/controllers/blogs-controllers.go:60.20,62.3 1 1
db_API/controllers/blogs-controllers.go:64.2,64.65 1 1
db_API/controllers/blogs-controllers.go:64.65,66.3 1 1
db_API/controllers/blogs-controllers.go:68.2,68.80 1 1
db_API/controllers/blogs-controllers.go:71.49,75.20 4 1
db_API/controllers/blogs-controllers.go:75.20,77.3 1 1
db_API/controllers/blogs-controllers.go:79.2,82.16 4 1
db_API/controllers/blogs-controllers.go:82.16,84.3 1 1
db_API/controllers/blogs-controllers.go:86.2,86.90 1 1
db_API/controllers/books-controller.go:16.47,20.16 3 1
db_API/controllers/books-controller.go:20.16,22.3 1 1
db_API/controllers/books-controller.go:24.2,24.86 1 1
db_API/controllers/books-controller.go:28.50,32.20 4 1
db_API/controllers/books-controller.go:32.20,34.3 1 1
db_API/controllers/books-controller.go:36.2,37.16 2 1
db_API/controllers/books-controller.go:37.16,39.3 1 1
db_API/controllers/books-controller.go:40.2,40.74 1 1
db_API/controllers/books-controller.go:44.49,50.16 5 1
db_API/controllers/books-controller.go:50.16,52.3 1 1
db_API/controllers/books-controller.go:53.2,53.89 1 1
db_API/controllers/books-controller.go:57.49,61.20 4 1
db_API/controllers/books-controller.go:61.20,63.3 1 1
db_API/controllers/books-controller.go:65.2,65.65 1 1
db_API/controllers/books-controller.go:65.65,67.3 1 1
db_API/controllers/books-controller.go:69.2,69.80 1 1
db_API/controllers/books-controller.go:73.49,77.20 4 1
db_API/controllers/books-controller.go:77.20,79.3 1 1
db_API/controllers/books-controller.go:81.2,85.16 4 1
db_API/controllers/books-controller.go:85.16,87.3 1 1
db_API/controllers/books-controller.go:89.2,89.90 1 1
db_API/controllers/users-controller.go:16.47,20.16 3 1
db_API/controllers/users-controller.go:20.16,22.3 1 0
db_API/controllers/users-controller.go:24.2,24.86 1 1
db_API/controllers/users-controller.go:28.50,32.20 4 1
db_API/controllers/users-controller.go:32.20,34.3 1 1
db_API/controllers/users-controller.go:36.2,37.16 2 1
db_API/controllers/users-controller.go:37.16,39.3 1 1
db_API/controllers/users-controller.go:41.2,41.74 1 1
db_API/controllers/users-controller.go:45.49,50.16 4 1
db_API/controllers/users-controller.go:50.16,52.3 1 1
db_API/controllers/users-controller.go:53.2,53.106 1 1
db_API/controllers/users-controller.go:57.49,61.20 4 1
db_API/controllers/users-controller.go:61.20,63.3 1 1
db_API/controllers/users-controller.go:65.2,65.65 1 1
db_API/controllers/users-controller.go:65.65,67.3 1 1
db_API/controllers/users-controller.go:69.2,69.80 1 1
db_API/controllers/users-controller.go:73.49,77.20 4 1
db_API/controllers/users-controller.go:77.20,79.3 1 1
db_API/controllers/users-controller.go:81.2,84.16 4 1
db_API/controllers/users-controller.go:84.16,86.3 1 1
db_API/controllers/users-controller.go:88.2,88.90 1 1
