mode: set
clean/api/controllers/user_controllers.go:18.69,22.2 1 1
clean/api/controllers/user_controllers.go:24.61,26.17 2 1
clean/api/controllers/user_controllers.go:26.17,30.3 1 1
clean/api/controllers/user_controllers.go:31.2,32.16 2 1
clean/api/controllers/user_controllers.go:32.16,34.3 1 1
clean/api/controllers/user_controllers.go:36.2,36.106 1 1
clean/api/controllers/user_controllers.go:39.61,49.22 5 1
clean/api/controllers/user_controllers.go:49.22,51.3 1 1
clean/api/controllers/user_controllers.go:53.2,53.101 1 1
clean/api/controllers/user_controllers.go:56.58,61.16 4 1
clean/api/controllers/user_controllers.go:61.16,63.3 1 1
clean/api/controllers/user_controllers.go:65.2,71.93 2 1
